[0.076s] DEBUG:colcon:Command line arguments: ['/usr/bin/colcon', 'list', '-p', '--base-paths', '/home/lucas/mbzirc_ws/src/mbzirc']
[0.076s] DEBUG:colcon:Parsed command line arguments: Namespace(log_base=None, log_level=None, verb_name='list', build_base='build', ignore_user_meta=False, metas=['./colcon.meta'], base_paths=['/home/lucas/mbzirc_ws/src/mbzirc'], packages_ignore=None, packages_ignore_regex=None, paths=None, packages_up_to=None, packages_up_to_regex=None, packages_above=None, packages_above_and_dependencies=None, packages_above_depth=None, packages_select_by_dep=None, packages_skip_by_dep=None, packages_skip_up_to=None, packages_select_build_failed=False, packages_skip_build_finished=False, packages_select_test_failures=False, packages_skip_test_passed=False, packages_select=None, packages_skip=None, packages_select_regex=None, packages_skip_regex=None, packages_start=None, packages_end=None, allow_overriding=[], topological_order=False, names_only=False, paths_only=True, topological_graph=False, topological_graph_dot=False, topological_graph_density=False, topological_graph_legend=False, topological_graph_dot_cluster=False, topological_graph_dot_include_skipped=False, verb_parser=<colcon_defaults.argument_parser.defaults.DefaultArgumentsDecorator object at 0x7bc785166ce0>, verb_extension=<colcon_package_information.verb.list.ListVerb object at 0x7bc7851660e0>, main=<bound method ListVerb.main of <colcon_package_information.verb.list.ListVerb object at 0x7bc7851660e0>>)
[0.110s] Level 1:colcon.colcon_core.package_discovery:discover_packages(colcon_meta) check parameters
[0.110s] Level 1:colcon.colcon_core.package_discovery:discover_packages(recursive) check parameters
[0.110s] Level 1:colcon.colcon_core.package_discovery:discover_packages(ignore) check parameters
[0.110s] Level 1:colcon.colcon_core.package_discovery:discover_packages(path) check parameters
[0.110s] Level 1:colcon.colcon_core.package_discovery:discover_packages(recursive) discover
[0.110s] INFO:colcon.colcon_core.package_discovery:Crawling recursively for packages in '/home/lucas/mbzirc_ws/src/mbzirc'
[0.110s] Level 1:colcon.colcon_core.package_identification:_identify(/home/lucas/mbzirc_ws/src/mbzirc) by extensions ['ignore', 'ignore_ament_install']
[0.110s] Level 1:colcon.colcon_core.package_identification:_identify(/home/lucas/mbzirc_ws/src/mbzirc) by extension 'ignore'
[0.110s] Level 1:colcon.colcon_core.package_identification:_identify(/home/lucas/mbzirc_ws/src/mbzirc) by extension 'ignore_ament_install'
[0.110s] Level 1:colcon.colcon_core.package_identification:_identify(/home/lucas/mbzirc_ws/src/mbzirc) by extensions ['colcon_pkg']
[0.110s] Level 1:colcon.colcon_core.package_identification:_identify(/home/lucas/mbzirc_ws/src/mbzirc) by extension 'colcon_pkg'
[0.110s] Level 1:colcon.colcon_core.package_identification:_identify(/home/lucas/mbzirc_ws/src/mbzirc) by extensions ['colcon_meta']
[0.110s] Level 1:colcon.colcon_core.package_identification:_identify(/home/lucas/mbzirc_ws/src/mbzirc) by extension 'colcon_meta'
[0.110s] Level 1:colcon.colcon_core.package_identification:_identify(/home/lucas/mbzirc_ws/src/mbzirc) by extensions ['ros']
[0.110s] Level 1:colcon.colcon_core.package_identification:_identify(/home/lucas/mbzirc_ws/src/mbzirc) by extension 'ros'
[0.129s] Level 1:colcon.colcon_core.package_identification:_identify(/home/lucas/mbzirc_ws/src/mbzirc) by extensions ['cmake', 'python']
[0.129s] Level 1:colcon.colcon_core.package_identification:_identify(/home/lucas/mbzirc_ws/src/mbzirc) by extension 'cmake'
[0.129s] Level 1:colcon.colcon_core.package_identification:_identify(/home/lucas/mbzirc_ws/src/mbzirc) by extension 'python'
[0.129s] Level 1:colcon.colcon_core.package_identification:_identify(/home/lucas/mbzirc_ws/src/mbzirc) by extensions ['python_setup_py']
[0.129s] Level 1:colcon.colcon_core.package_identification:_identify(/home/lucas/mbzirc_ws/src/mbzirc) by extension 'python_setup_py'
[0.130s] Level 1:colcon.colcon_core.package_identification:_identify(/home/lucas/mbzirc_ws/src/mbzirc/docker) by extensions ['ignore', 'ignore_ament_install']
[0.130s] Level 1:colcon.colcon_core.package_identification:_identify(/home/lucas/mbzirc_ws/src/mbzirc/docker) by extension 'ignore'
[0.130s] Level 1:colcon.colcon_core.package_identification:_identify(/home/lucas/mbzirc_ws/src/mbzirc/docker) by extension 'ignore_ament_install'
[0.130s] Level 1:colcon.colcon_core.package_identification:_identify(/home/lucas/mbzirc_ws/src/mbzirc/docker) by extensions ['colcon_pkg']
[0.130s] Level 1:colcon.colcon_core.package_identification:_identify(/home/lucas/mbzirc_ws/src/mbzirc/docker) by extension 'colcon_pkg'
[0.130s] Level 1:colcon.colcon_core.package_identification:_identify(/home/lucas/mbzirc_ws/src/mbzirc/docker) by extensions ['colcon_meta']
[0.130s] Level 1:colcon.colcon_core.package_identification:_identify(/home/lucas/mbzirc_ws/src/mbzirc/docker) by extension 'colcon_meta'
[0.130s] Level 1:colcon.colcon_core.package_identification:_identify(/home/lucas/mbzirc_ws/src/mbzirc/docker) by extensions ['ros']
[0.130s] Level 1:colcon.colcon_core.package_identification:_identify(/home/lucas/mbzirc_ws/src/mbzirc/docker) by extension 'ros'
[0.130s] Level 1:colcon.colcon_core.package_identification:_identify(/home/lucas/mbzirc_ws/src/mbzirc/docker) by extensions ['cmake', 'python']
[0.130s] Level 1:colcon.colcon_core.package_identification:_identify(/home/lucas/mbzirc_ws/src/mbzirc/docker) by extension 'cmake'
[0.130s] Level 1:colcon.colcon_core.package_identification:_identify(/home/lucas/mbzirc_ws/src/mbzirc/docker) by extension 'python'
[0.130s] Level 1:colcon.colcon_core.package_identification:_identify(/home/lucas/mbzirc_ws/src/mbzirc/docker) by extensions ['python_setup_py']
[0.130s] Level 1:colcon.colcon_core.package_identification:_identify(/home/lucas/mbzirc_ws/src/mbzirc/docker) by extension 'python_setup_py'
[0.130s] Level 1:colcon.colcon_core.package_identification:_identify(/home/lucas/mbzirc_ws/src/mbzirc/docker/cloudsim_bridge) by extensions ['ignore', 'ignore_ament_install']
[0.130s] Level 1:colcon.colcon_core.package_identification:_identify(/home/lucas/mbzirc_ws/src/mbzirc/docker/cloudsim_bridge) by extension 'ignore'
[0.130s] Level 1:colcon.colcon_core.package_identification:_identify(/home/lucas/mbzirc_ws/src/mbzirc/docker/cloudsim_bridge) by extension 'ignore_ament_install'
[0.130s] Level 1:colcon.colcon_core.package_identification:_identify(/home/lucas/mbzirc_ws/src/mbzirc/docker/cloudsim_bridge) by extensions ['colcon_pkg']
[0.130s] Level 1:colcon.colcon_core.package_identification:_identify(/home/lucas/mbzirc_ws/src/mbzirc/docker/cloudsim_bridge) by extension 'colcon_pkg'
[0.130s] Level 1:colcon.colcon_core.package_identification:_identify(/home/lucas/mbzirc_ws/src/mbzirc/docker/cloudsim_bridge) by extensions ['colcon_meta']
[0.130s] Level 1:colcon.colcon_core.package_identification:_identify(/home/lucas/mbzirc_ws/src/mbzirc/docker/cloudsim_bridge) by extension 'colcon_meta'
[0.130s] Level 1:colcon.colcon_core.package_identification:_identify(/home/lucas/mbzirc_ws/src/mbzirc/docker/cloudsim_bridge) by extensions ['ros']
[0.130s] Level 1:colcon.colcon_core.package_identification:_identify(/home/lucas/mbzirc_ws/src/mbzirc/docker/cloudsim_bridge) by extension 'ros'
[0.130s] Level 1:colcon.colcon_core.package_identification:_identify(/home/lucas/mbzirc_ws/src/mbzirc/docker/cloudsim_bridge) by extensions ['cmake', 'python']
[0.130s] Level 1:colcon.colcon_core.package_identification:_identify(/home/lucas/mbzirc_ws/src/mbzirc/docker/cloudsim_bridge) by extension 'cmake'
[0.130s] Level 1:colcon.colcon_core.package_identification:_identify(/home/lucas/mbzirc_ws/src/mbzirc/docker/cloudsim_bridge) by extension 'python'
[0.130s] Level 1:colcon.colcon_core.package_identification:_identify(/home/lucas/mbzirc_ws/src/mbzirc/docker/cloudsim_bridge) by extensions ['python_setup_py']
[0.130s] Level 1:colcon.colcon_core.package_identification:_identify(/home/lucas/mbzirc_ws/src/mbzirc/docker/cloudsim_bridge) by extension 'python_setup_py'
[0.131s] Level 1:colcon.colcon_core.package_identification:_identify(/home/lucas/mbzirc_ws/src/mbzirc/docker/cloudsim_sim) by extensions ['ignore', 'ignore_ament_install']
[0.131s] Level 1:colcon.colcon_core.package_identification:_identify(/home/lucas/mbzirc_ws/src/mbzirc/docker/cloudsim_sim) by extension 'ignore'
[0.131s] Level 1:colcon.colcon_core.package_identification:_identify(/home/lucas/mbzirc_ws/src/mbzirc/docker/cloudsim_sim) by extension 'ignore_ament_install'
[0.131s] Level 1:colcon.colcon_core.package_identification:_identify(/home/lucas/mbzirc_ws/src/mbzirc/docker/cloudsim_sim) by extensions ['colcon_pkg']
[0.131s] Level 1:colcon.colcon_core.package_identification:_identify(/home/lucas/mbzirc_ws/src/mbzirc/docker/cloudsim_sim) by extension 'colcon_pkg'
[0.131s] Level 1:colcon.colcon_core.package_identification:_identify(/home/lucas/mbzirc_ws/src/mbzirc/docker/cloudsim_sim) by extensions ['colcon_meta']
[0.131s] Level 1:colcon.colcon_core.package_identification:_identify(/home/lucas/mbzirc_ws/src/mbzirc/docker/cloudsim_sim) by extension 'colcon_meta'
[0.131s] Level 1:colcon.colcon_core.package_identification:_identify(/home/lucas/mbzirc_ws/src/mbzirc/docker/cloudsim_sim) by extensions ['ros']
[0.131s] Level 1:colcon.colcon_core.package_identification:_identify(/home/lucas/mbzirc_ws/src/mbzirc/docker/cloudsim_sim) by extension 'ros'
[0.131s] Level 1:colcon.colcon_core.package_identification:_identify(/home/lucas/mbzirc_ws/src/mbzirc/docker/cloudsim_sim) by extensions ['cmake', 'python']
[0.131s] Level 1:colcon.colcon_core.package_identification:_identify(/home/lucas/mbzirc_ws/src/mbzirc/docker/cloudsim_sim) by extension 'cmake'
[0.131s] Level 1:colcon.colcon_core.package_identification:_identify(/home/lucas/mbzirc_ws/src/mbzirc/docker/cloudsim_sim) by extension 'python'
[0.131s] Level 1:colcon.colcon_core.package_identification:_identify(/home/lucas/mbzirc_ws/src/mbzirc/docker/cloudsim_sim) by extensions ['python_setup_py']
[0.131s] Level 1:colcon.colcon_core.package_identification:_identify(/home/lucas/mbzirc_ws/src/mbzirc/docker/cloudsim_sim) by extension 'python_setup_py'
[0.131s] Level 1:colcon.colcon_core.package_identification:_identify(/home/lucas/mbzirc_ws/src/mbzirc/docker/compose) by extensions ['ignore', 'ignore_ament_install']
[0.131s] Level 1:colcon.colcon_core.package_identification:_identify(/home/lucas/mbzirc_ws/src/mbzirc/docker/compose) by extension 'ignore'
[0.131s] Level 1:colcon.colcon_core.package_identification:_identify(/home/lucas/mbzirc_ws/src/mbzirc/docker/compose) by extension 'ignore_ament_install'
[0.131s] Level 1:colcon.colcon_core.package_identification:_identify(/home/lucas/mbzirc_ws/src/mbzirc/docker/compose) by extensions ['colcon_pkg']
[0.131s] Level 1:colcon.colcon_core.package_identification:_identify(/home/lucas/mbzirc_ws/src/mbzirc/docker/compose) by extension 'colcon_pkg'
[0.131s] Level 1:colcon.colcon_core.package_identification:_identify(/home/lucas/mbzirc_ws/src/mbzirc/docker/compose) by extensions ['colcon_meta']
[0.131s] Level 1:colcon.colcon_core.package_identification:_identify(/home/lucas/mbzirc_ws/src/mbzirc/docker/compose) by extension 'colcon_meta'
[0.131s] Level 1:colcon.colcon_core.package_identification:_identify(/home/lucas/mbzirc_ws/src/mbzirc/docker/compose) by extensions ['ros']
[0.131s] Level 1:colcon.colcon_core.package_identification:_identify(/home/lucas/mbzirc_ws/src/mbzirc/docker/compose) by extension 'ros'
[0.131s] Level 1:colcon.colcon_core.package_identification:_identify(/home/lucas/mbzirc_ws/src/mbzirc/docker/compose) by extensions ['cmake', 'python']
[0.131s] Level 1:colcon.colcon_core.package_identification:_identify(/home/lucas/mbzirc_ws/src/mbzirc/docker/compose) by extension 'cmake'
[0.131s] Level 1:colcon.colcon_core.package_identification:_identify(/home/lucas/mbzirc_ws/src/mbzirc/docker/compose) by extension 'python'
[0.131s] Level 1:colcon.colcon_core.package_identification:_identify(/home/lucas/mbzirc_ws/src/mbzirc/docker/compose) by extensions ['python_setup_py']
[0.131s] Level 1:colcon.colcon_core.package_identification:_identify(/home/lucas/mbzirc_ws/src/mbzirc/docker/compose) by extension 'python_setup_py'
[0.131s] Level 1:colcon.colcon_core.package_identification:_identify(/home/lucas/mbzirc_ws/src/mbzirc/docker/mbzirc_models) by extensions ['ignore', 'ignore_ament_install']
[0.132s] Level 1:colcon.colcon_core.package_identification:_identify(/home/lucas/mbzirc_ws/src/mbzirc/docker/mbzirc_models) by extension 'ignore'
[0.132s] Level 1:colcon.colcon_core.package_identification:_identify(/home/lucas/mbzirc_ws/src/mbzirc/docker/mbzirc_models) by extension 'ignore_ament_install'
[0.132s] Level 1:colcon.colcon_core.package_identification:_identify(/home/lucas/mbzirc_ws/src/mbzirc/docker/mbzirc_models) by extensions ['colcon_pkg']
[0.132s] Level 1:colcon.colcon_core.package_identification:_identify(/home/lucas/mbzirc_ws/src/mbzirc/docker/mbzirc_models) by extension 'colcon_pkg'
[0.132s] Level 1:colcon.colcon_core.package_identification:_identify(/home/lucas/mbzirc_ws/src/mbzirc/docker/mbzirc_models) by extensions ['colcon_meta']
[0.132s] Level 1:colcon.colcon_core.package_identification:_identify(/home/lucas/mbzirc_ws/src/mbzirc/docker/mbzirc_models) by extension 'colcon_meta'
[0.132s] Level 1:colcon.colcon_core.package_identification:_identify(/home/lucas/mbzirc_ws/src/mbzirc/docker/mbzirc_models) by extensions ['ros']
[0.132s] Level 1:colcon.colcon_core.package_identification:_identify(/home/lucas/mbzirc_ws/src/mbzirc/docker/mbzirc_models) by extension 'ros'
[0.132s] Level 1:colcon.colcon_core.package_identification:_identify(/home/lucas/mbzirc_ws/src/mbzirc/docker/mbzirc_models) by extensions ['cmake', 'python']
[0.132s] Level 1:colcon.colcon_core.package_identification:_identify(/home/lucas/mbzirc_ws/src/mbzirc/docker/mbzirc_models) by extension 'cmake'
[0.132s] Level 1:colcon.colcon_core.package_identification:_identify(/home/lucas/mbzirc_ws/src/mbzirc/docker/mbzirc_models) by extension 'python'
[0.132s] Level 1:colcon.colcon_core.package_identification:_identify(/home/lucas/mbzirc_ws/src/mbzirc/docker/mbzirc_models) by extensions ['python_setup_py']
[0.132s] Level 1:colcon.colcon_core.package_identification:_identify(/home/lucas/mbzirc_ws/src/mbzirc/docker/mbzirc_models) by extension 'python_setup_py'
[0.132s] Level 1:colcon.colcon_core.package_identification:_identify(/home/lucas/mbzirc_ws/src/mbzirc/docker/mbzirc_ros1_bridge) by extensions ['ignore', 'ignore_ament_install']
[0.132s] Level 1:colcon.colcon_core.package_identification:_identify(/home/lucas/mbzirc_ws/src/mbzirc/docker/mbzirc_ros1_bridge) by extension 'ignore'
[0.132s] Level 1:colcon.colcon_core.package_identification:_identify(/home/lucas/mbzirc_ws/src/mbzirc/docker/mbzirc_ros1_bridge) by extension 'ignore_ament_install'
[0.132s] Level 1:colcon.colcon_core.package_identification:_identify(/home/lucas/mbzirc_ws/src/mbzirc/docker/mbzirc_ros1_bridge) by extensions ['colcon_pkg']
[0.132s] Level 1:colcon.colcon_core.package_identification:_identify(/home/lucas/mbzirc_ws/src/mbzirc/docker/mbzirc_ros1_bridge) by extension 'colcon_pkg'
[0.132s] Level 1:colcon.colcon_core.package_identification:_identify(/home/lucas/mbzirc_ws/src/mbzirc/docker/mbzirc_ros1_bridge) by extensions ['colcon_meta']
[0.132s] Level 1:colcon.colcon_core.package_identification:_identify(/home/lucas/mbzirc_ws/src/mbzirc/docker/mbzirc_ros1_bridge) by extension 'colcon_meta'
[0.132s] Level 1:colcon.colcon_core.package_identification:_identify(/home/lucas/mbzirc_ws/src/mbzirc/docker/mbzirc_ros1_bridge) by extensions ['ros']
[0.132s] Level 1:colcon.colcon_core.package_identification:_identify(/home/lucas/mbzirc_ws/src/mbzirc/docker/mbzirc_ros1_bridge) by extension 'ros'
[0.132s] Level 1:colcon.colcon_core.package_identification:_identify(/home/lucas/mbzirc_ws/src/mbzirc/docker/mbzirc_ros1_bridge) by extensions ['cmake', 'python']
[0.132s] Level 1:colcon.colcon_core.package_identification:_identify(/home/lucas/mbzirc_ws/src/mbzirc/docker/mbzirc_ros1_bridge) by extension 'cmake'
[0.132s] Level 1:colcon.colcon_core.package_identification:_identify(/home/lucas/mbzirc_ws/src/mbzirc/docker/mbzirc_ros1_bridge) by extension 'python'
[0.132s] Level 1:colcon.colcon_core.package_identification:_identify(/home/lucas/mbzirc_ws/src/mbzirc/docker/mbzirc_ros1_bridge) by extensions ['python_setup_py']
[0.132s] Level 1:colcon.colcon_core.package_identification:_identify(/home/lucas/mbzirc_ws/src/mbzirc/docker/mbzirc_ros1_bridge) by extension 'python_setup_py'
[0.132s] Level 1:colcon.colcon_core.package_identification:_identify(/home/lucas/mbzirc_ws/src/mbzirc/docker/mbzirc_seed) by extensions ['ignore', 'ignore_ament_install']
[0.132s] Level 1:colcon.colcon_core.package_identification:_identify(/home/lucas/mbzirc_ws/src/mbzirc/docker/mbzirc_seed) by extension 'ignore'
[0.132s] Level 1:colcon.colcon_core.package_identification:_identify(/home/lucas/mbzirc_ws/src/mbzirc/docker/mbzirc_seed) by extension 'ignore_ament_install'
[0.132s] Level 1:colcon.colcon_core.package_identification:_identify(/home/lucas/mbzirc_ws/src/mbzirc/docker/mbzirc_seed) by extensions ['colcon_pkg']
[0.133s] Level 1:colcon.colcon_core.package_identification:_identify(/home/lucas/mbzirc_ws/src/mbzirc/docker/mbzirc_seed) by extension 'colcon_pkg'
[0.133s] Level 1:colcon.colcon_core.package_identification:_identify(/home/lucas/mbzirc_ws/src/mbzirc/docker/mbzirc_seed) by extensions ['colcon_meta']
[0.133s] Level 1:colcon.colcon_core.package_identification:_identify(/home/lucas/mbzirc_ws/src/mbzirc/docker/mbzirc_seed) by extension 'colcon_meta'
[0.133s] Level 1:colcon.colcon_core.package_identification:_identify(/home/lucas/mbzirc_ws/src/mbzirc/docker/mbzirc_seed) by extensions ['ros']
[0.133s] Level 1:colcon.colcon_core.package_identification:_identify(/home/lucas/mbzirc_ws/src/mbzirc/docker/mbzirc_seed) by extension 'ros'
[0.133s] Level 1:colcon.colcon_core.package_identification:_identify(/home/lucas/mbzirc_ws/src/mbzirc/docker/mbzirc_seed) by extensions ['cmake', 'python']
[0.133s] Level 1:colcon.colcon_core.package_identification:_identify(/home/lucas/mbzirc_ws/src/mbzirc/docker/mbzirc_seed) by extension 'cmake'
[0.133s] Level 1:colcon.colcon_core.package_identification:_identify(/home/lucas/mbzirc_ws/src/mbzirc/docker/mbzirc_seed) by extension 'python'
[0.133s] Level 1:colcon.colcon_core.package_identification:_identify(/home/lucas/mbzirc_ws/src/mbzirc/docker/mbzirc_seed) by extensions ['python_setup_py']
[0.133s] Level 1:colcon.colcon_core.package_identification:_identify(/home/lucas/mbzirc_ws/src/mbzirc/docker/mbzirc_seed) by extension 'python_setup_py'
[0.133s] Level 1:colcon.colcon_core.package_identification:_identify(/home/lucas/mbzirc_ws/src/mbzirc/docker/mbzirc_sim) by extensions ['ignore', 'ignore_ament_install']
[0.133s] Level 1:colcon.colcon_core.package_identification:_identify(/home/lucas/mbzirc_ws/src/mbzirc/docker/mbzirc_sim) by extension 'ignore'
[0.133s] Level 1:colcon.colcon_core.package_identification:_identify(/home/lucas/mbzirc_ws/src/mbzirc/docker/mbzirc_sim) by extension 'ignore_ament_install'
[0.133s] Level 1:colcon.colcon_core.package_identification:_identify(/home/lucas/mbzirc_ws/src/mbzirc/docker/mbzirc_sim) by extensions ['colcon_pkg']
[0.133s] Level 1:colcon.colcon_core.package_identification:_identify(/home/lucas/mbzirc_ws/src/mbzirc/docker/mbzirc_sim) by extension 'colcon_pkg'
[0.133s] Level 1:colcon.colcon_core.package_identification:_identify(/home/lucas/mbzirc_ws/src/mbzirc/docker/mbzirc_sim) by extensions ['colcon_meta']
[0.133s] Level 1:colcon.colcon_core.package_identification:_identify(/home/lucas/mbzirc_ws/src/mbzirc/docker/mbzirc_sim) by extension 'colcon_meta'
[0.133s] Level 1:colcon.colcon_core.package_identification:_identify(/home/lucas/mbzirc_ws/src/mbzirc/docker/mbzirc_sim) by extensions ['ros']
[0.133s] Level 1:colcon.colcon_core.package_identification:_identify(/home/lucas/mbzirc_ws/src/mbzirc/docker/mbzirc_sim) by extension 'ros'
[0.133s] Level 1:colcon.colcon_core.package_identification:_identify(/home/lucas/mbzirc_ws/src/mbzirc/docker/mbzirc_sim) by extensions ['cmake', 'python']
[0.133s] Level 1:colcon.colcon_core.package_identification:_identify(/home/lucas/mbzirc_ws/src/mbzirc/docker/mbzirc_sim) by extension 'cmake'
[0.133s] Level 1:colcon.colcon_core.package_identification:_identify(/home/lucas/mbzirc_ws/src/mbzirc/docker/mbzirc_sim) by extension 'python'
[0.133s] Level 1:colcon.colcon_core.package_identification:_identify(/home/lucas/mbzirc_ws/src/mbzirc/docker/mbzirc_sim) by extensions ['python_setup_py']
[0.133s] Level 1:colcon.colcon_core.package_identification:_identify(/home/lucas/mbzirc_ws/src/mbzirc/docker/mbzirc_sim) by extension 'python_setup_py'
[0.133s] Level 1:colcon.colcon_core.package_identification:_identify(/home/lucas/mbzirc_ws/src/mbzirc/docker/submission) by extensions ['ignore', 'ignore_ament_install']
[0.133s] Level 1:colcon.colcon_core.package_identification:_identify(/home/lucas/mbzirc_ws/src/mbzirc/docker/submission) by extension 'ignore'
[0.133s] Level 1:colcon.colcon_core.package_identification:_identify(/home/lucas/mbzirc_ws/src/mbzirc/docker/submission) by extension 'ignore_ament_install'
[0.133s] Level 1:colcon.colcon_core.package_identification:_identify(/home/lucas/mbzirc_ws/src/mbzirc/docker/submission) by extensions ['colcon_pkg']
[0.133s] Level 1:colcon.colcon_core.package_identification:_identify(/home/lucas/mbzirc_ws/src/mbzirc/docker/submission) by extension 'colcon_pkg'
[0.133s] Level 1:colcon.colcon_core.package_identification:_identify(/home/lucas/mbzirc_ws/src/mbzirc/docker/submission) by extensions ['colcon_meta']
[0.133s] Level 1:colcon.colcon_core.package_identification:_identify(/home/lucas/mbzirc_ws/src/mbzirc/docker/submission) by extension 'colcon_meta'
[0.133s] Level 1:colcon.colcon_core.package_identification:_identify(/home/lucas/mbzirc_ws/src/mbzirc/docker/submission) by extensions ['ros']
[0.133s] Level 1:colcon.colcon_core.package_identification:_identify(/home/lucas/mbzirc_ws/src/mbzirc/docker/submission) by extension 'ros'
[0.134s] Level 1:colcon.colcon_core.package_identification:_identify(/home/lucas/mbzirc_ws/src/mbzirc/docker/submission) by extensions ['cmake', 'python']
[0.134s] Level 1:colcon.colcon_core.package_identification:_identify(/home/lucas/mbzirc_ws/src/mbzirc/docker/submission) by extension 'cmake'
[0.134s] Level 1:colcon.colcon_core.package_identification:_identify(/home/lucas/mbzirc_ws/src/mbzirc/docker/submission) by extension 'python'
[0.134s] Level 1:colcon.colcon_core.package_identification:_identify(/home/lucas/mbzirc_ws/src/mbzirc/docker/submission) by extensions ['python_setup_py']
[0.134s] Level 1:colcon.colcon_core.package_identification:_identify(/home/lucas/mbzirc_ws/src/mbzirc/docker/submission) by extension 'python_setup_py'
[0.134s] Level 1:colcon.colcon_core.package_identification:_identify(/home/lucas/mbzirc_ws/src/mbzirc/log) by extensions ['ignore', 'ignore_ament_install']
[0.134s] Level 1:colcon.colcon_core.package_identification:_identify(/home/lucas/mbzirc_ws/src/mbzirc/log) by extension 'ignore'
[0.134s] Level 1:colcon.colcon_core.package_identification:_identify(/home/lucas/mbzirc_ws/src/mbzirc/log) ignored
[0.134s] Level 1:colcon.colcon_core.package_identification:_identify(/home/lucas/mbzirc_ws/src/mbzirc/mbzirc_custom) by extensions ['ignore', 'ignore_ament_install']
[0.134s] Level 1:colcon.colcon_core.package_identification:_identify(/home/lucas/mbzirc_ws/src/mbzirc/mbzirc_custom) by extension 'ignore'
[0.134s] Level 1:colcon.colcon_core.package_identification:_identify(/home/lucas/mbzirc_ws/src/mbzirc/mbzirc_custom) by extension 'ignore_ament_install'
[0.134s] Level 1:colcon.colcon_core.package_identification:_identify(/home/lucas/mbzirc_ws/src/mbzirc/mbzirc_custom) by extensions ['colcon_pkg']
[0.134s] Level 1:colcon.colcon_core.package_identification:_identify(/home/lucas/mbzirc_ws/src/mbzirc/mbzirc_custom) by extension 'colcon_pkg'
[0.134s] Level 1:colcon.colcon_core.package_identification:_identify(/home/lucas/mbzirc_ws/src/mbzirc/mbzirc_custom) by extensions ['colcon_meta']
[0.134s] Level 1:colcon.colcon_core.package_identification:_identify(/home/lucas/mbzirc_ws/src/mbzirc/mbzirc_custom) by extension 'colcon_meta'
[0.134s] Level 1:colcon.colcon_core.package_identification:_identify(/home/lucas/mbzirc_ws/src/mbzirc/mbzirc_custom) by extensions ['ros']
[0.134s] Level 1:colcon.colcon_core.package_identification:_identify(/home/lucas/mbzirc_ws/src/mbzirc/mbzirc_custom) by extension 'ros'
[0.134s] Level 1:colcon.colcon_core.package_identification:_identify(/home/lucas/mbzirc_ws/src/mbzirc/mbzirc_custom) by extensions ['cmake', 'python']
[0.134s] Level 1:colcon.colcon_core.package_identification:_identify(/home/lucas/mbzirc_ws/src/mbzirc/mbzirc_custom) by extension 'cmake'
[0.134s] Level 1:colcon.colcon_core.package_identification:_identify(/home/lucas/mbzirc_ws/src/mbzirc/mbzirc_custom) by extension 'python'
[0.134s] Level 1:colcon.colcon_core.package_identification:_identify(/home/lucas/mbzirc_ws/src/mbzirc/mbzirc_custom) by extensions ['python_setup_py']
[0.134s] Level 1:colcon.colcon_core.package_identification:_identify(/home/lucas/mbzirc_ws/src/mbzirc/mbzirc_custom) by extension 'python_setup_py'
[0.134s] Level 1:colcon.colcon_core.package_identification:_identify(/home/lucas/mbzirc_ws/src/mbzirc/mbzirc_custom/mbzirc_naive_3d_scanning_radar) by extensions ['ignore', 'ignore_ament_install']
[0.134s] Level 1:colcon.colcon_core.package_identification:_identify(/home/lucas/mbzirc_ws/src/mbzirc/mbzirc_custom/mbzirc_naive_3d_scanning_radar) by extension 'ignore'
[0.134s] Level 1:colcon.colcon_core.package_identification:_identify(/home/lucas/mbzirc_ws/src/mbzirc/mbzirc_custom/mbzirc_naive_3d_scanning_radar) by extension 'ignore_ament_install'
[0.134s] Level 1:colcon.colcon_core.package_identification:_identify(/home/lucas/mbzirc_ws/src/mbzirc/mbzirc_custom/mbzirc_naive_3d_scanning_radar) by extensions ['colcon_pkg']
[0.134s] Level 1:colcon.colcon_core.package_identification:_identify(/home/lucas/mbzirc_ws/src/mbzirc/mbzirc_custom/mbzirc_naive_3d_scanning_radar) by extension 'colcon_pkg'
[0.134s] Level 1:colcon.colcon_core.package_identification:_identify(/home/lucas/mbzirc_ws/src/mbzirc/mbzirc_custom/mbzirc_naive_3d_scanning_radar) by extensions ['colcon_meta']
[0.135s] Level 1:colcon.colcon_core.package_identification:_identify(/home/lucas/mbzirc_ws/src/mbzirc/mbzirc_custom/mbzirc_naive_3d_scanning_radar) by extension 'colcon_meta'
[0.135s] Level 1:colcon.colcon_core.package_identification:_identify(/home/lucas/mbzirc_ws/src/mbzirc/mbzirc_custom/mbzirc_naive_3d_scanning_radar) by extensions ['ros']
[0.135s] Level 1:colcon.colcon_core.package_identification:_identify(/home/lucas/mbzirc_ws/src/mbzirc/mbzirc_custom/mbzirc_naive_3d_scanning_radar) by extension 'ros'
[0.137s] DEBUG:colcon.colcon_core.package_identification:Package '/home/lucas/mbzirc_ws/src/mbzirc/mbzirc_custom/mbzirc_naive_3d_scanning_radar' with type 'ros.ament_cmake' and name 'mbzirc_naive_3d_scanning_radar'
[0.137s] Level 1:colcon.colcon_core.package_identification:_identify(/home/lucas/mbzirc_ws/src/mbzirc/mbzirc_custom/mbzirc_naive_radar) by extensions ['ignore', 'ignore_ament_install']
[0.137s] Level 1:colcon.colcon_core.package_identification:_identify(/home/lucas/mbzirc_ws/src/mbzirc/mbzirc_custom/mbzirc_naive_radar) by extension 'ignore'
[0.137s] Level 1:colcon.colcon_core.package_identification:_identify(/home/lucas/mbzirc_ws/src/mbzirc/mbzirc_custom/mbzirc_naive_radar) by extension 'ignore_ament_install'
[0.137s] Level 1:colcon.colcon_core.package_identification:_identify(/home/lucas/mbzirc_ws/src/mbzirc/mbzirc_custom/mbzirc_naive_radar) by extensions ['colcon_pkg']
[0.137s] Level 1:colcon.colcon_core.package_identification:_identify(/home/lucas/mbzirc_ws/src/mbzirc/mbzirc_custom/mbzirc_naive_radar) by extension 'colcon_pkg'
[0.137s] Level 1:colcon.colcon_core.package_identification:_identify(/home/lucas/mbzirc_ws/src/mbzirc/mbzirc_custom/mbzirc_naive_radar) by extensions ['colcon_meta']
[0.137s] Level 1:colcon.colcon_core.package_identification:_identify(/home/lucas/mbzirc_ws/src/mbzirc/mbzirc_custom/mbzirc_naive_radar) by extension 'colcon_meta'
[0.137s] Level 1:colcon.colcon_core.package_identification:_identify(/home/lucas/mbzirc_ws/src/mbzirc/mbzirc_custom/mbzirc_naive_radar) by extensions ['ros']
[0.137s] Level 1:colcon.colcon_core.package_identification:_identify(/home/lucas/mbzirc_ws/src/mbzirc/mbzirc_custom/mbzirc_naive_radar) by extension 'ros'
[0.138s] DEBUG:colcon.colcon_core.package_identification:Package '/home/lucas/mbzirc_ws/src/mbzirc/mbzirc_custom/mbzirc_naive_radar' with type 'ros.ament_cmake' and name 'mbzirc_naive_radar'
[0.138s] Level 1:colcon.colcon_core.package_identification:_identify(/home/lucas/mbzirc_ws/src/mbzirc/mbzirc_custom/mbzirc_naive_spinning_radar) by extensions ['ignore', 'ignore_ament_install']
[0.138s] Level 1:colcon.colcon_core.package_identification:_identify(/home/lucas/mbzirc_ws/src/mbzirc/mbzirc_custom/mbzirc_naive_spinning_radar) by extension 'ignore'
[0.138s] Level 1:colcon.colcon_core.package_identification:_identify(/home/lucas/mbzirc_ws/src/mbzirc/mbzirc_custom/mbzirc_naive_spinning_radar) by extension 'ignore_ament_install'
[0.138s] Level 1:colcon.colcon_core.package_identification:_identify(/home/lucas/mbzirc_ws/src/mbzirc/mbzirc_custom/mbzirc_naive_spinning_radar) by extensions ['colcon_pkg']
[0.138s] Level 1:colcon.colcon_core.package_identification:_identify(/home/lucas/mbzirc_ws/src/mbzirc/mbzirc_custom/mbzirc_naive_spinning_radar) by extension 'colcon_pkg'
[0.138s] Level 1:colcon.colcon_core.package_identification:_identify(/home/lucas/mbzirc_ws/src/mbzirc/mbzirc_custom/mbzirc_naive_spinning_radar) by extensions ['colcon_meta']
[0.138s] Level 1:colcon.colcon_core.package_identification:_identify(/home/lucas/mbzirc_ws/src/mbzirc/mbzirc_custom/mbzirc_naive_spinning_radar) by extension 'colcon_meta'
[0.138s] Level 1:colcon.colcon_core.package_identification:_identify(/home/lucas/mbzirc_ws/src/mbzirc/mbzirc_custom/mbzirc_naive_spinning_radar) by extensions ['ros']
[0.138s] Level 1:colcon.colcon_core.package_identification:_identify(/home/lucas/mbzirc_ws/src/mbzirc/mbzirc_custom/mbzirc_naive_spinning_radar) by extension 'ros'
[0.139s] DEBUG:colcon.colcon_core.package_identification:Package '/home/lucas/mbzirc_ws/src/mbzirc/mbzirc_custom/mbzirc_naive_spinning_radar' with type 'ros.ament_cmake' and name 'mbzirc_naive_spinning_radar'
[0.139s] Level 1:colcon.colcon_core.package_identification:_identify(/home/lucas/mbzirc_ws/src/mbzirc/mbzirc_custom/mbzirc_point_lidar) by extensions ['ignore', 'ignore_ament_install']
[0.139s] Level 1:colcon.colcon_core.package_identification:_identify(/home/lucas/mbzirc_ws/src/mbzirc/mbzirc_custom/mbzirc_point_lidar) by extension 'ignore'
[0.139s] Level 1:colcon.colcon_core.package_identification:_identify(/home/lucas/mbzirc_ws/src/mbzirc/mbzirc_custom/mbzirc_point_lidar) by extension 'ignore_ament_install'
[0.139s] Level 1:colcon.colcon_core.package_identification:_identify(/home/lucas/mbzirc_ws/src/mbzirc/mbzirc_custom/mbzirc_point_lidar) by extensions ['colcon_pkg']
[0.139s] Level 1:colcon.colcon_core.package_identification:_identify(/home/lucas/mbzirc_ws/src/mbzirc/mbzirc_custom/mbzirc_point_lidar) by extension 'colcon_pkg'
[0.139s] Level 1:colcon.colcon_core.package_identification:_identify(/home/lucas/mbzirc_ws/src/mbzirc/mbzirc_custom/mbzirc_point_lidar) by extensions ['colcon_meta']
[0.139s] Level 1:colcon.colcon_core.package_identification:_identify(/home/lucas/mbzirc_ws/src/mbzirc/mbzirc_custom/mbzirc_point_lidar) by extension 'colcon_meta'
[0.139s] Level 1:colcon.colcon_core.package_identification:_identify(/home/lucas/mbzirc_ws/src/mbzirc/mbzirc_custom/mbzirc_point_lidar) by extensions ['ros']
[0.139s] Level 1:colcon.colcon_core.package_identification:_identify(/home/lucas/mbzirc_ws/src/mbzirc/mbzirc_custom/mbzirc_point_lidar) by extension 'ros'
[0.139s] DEBUG:colcon.colcon_core.package_identification:Package '/home/lucas/mbzirc_ws/src/mbzirc/mbzirc_custom/mbzirc_point_lidar' with type 'ros.ament_cmake' and name 'mbzirc_point_lidar'
[0.140s] Level 1:colcon.colcon_core.package_identification:_identify(/home/lucas/mbzirc_ws/src/mbzirc/mbzirc_custom/mbzirc_simple_arm) by extensions ['ignore', 'ignore_ament_install']
[0.140s] Level 1:colcon.colcon_core.package_identification:_identify(/home/lucas/mbzirc_ws/src/mbzirc/mbzirc_custom/mbzirc_simple_arm) by extension 'ignore'
[0.140s] Level 1:colcon.colcon_core.package_identification:_identify(/home/lucas/mbzirc_ws/src/mbzirc/mbzirc_custom/mbzirc_simple_arm) by extension 'ignore_ament_install'
[0.140s] Level 1:colcon.colcon_core.package_identification:_identify(/home/lucas/mbzirc_ws/src/mbzirc/mbzirc_custom/mbzirc_simple_arm) by extensions ['colcon_pkg']
[0.140s] Level 1:colcon.colcon_core.package_identification:_identify(/home/lucas/mbzirc_ws/src/mbzirc/mbzirc_custom/mbzirc_simple_arm) by extension 'colcon_pkg'
[0.140s] Level 1:colcon.colcon_core.package_identification:_identify(/home/lucas/mbzirc_ws/src/mbzirc/mbzirc_custom/mbzirc_simple_arm) by extensions ['colcon_meta']
[0.140s] Level 1:colcon.colcon_core.package_identification:_identify(/home/lucas/mbzirc_ws/src/mbzirc/mbzirc_custom/mbzirc_simple_arm) by extension 'colcon_meta'
[0.140s] Level 1:colcon.colcon_core.package_identification:_identify(/home/lucas/mbzirc_ws/src/mbzirc/mbzirc_custom/mbzirc_simple_arm) by extensions ['ros']
[0.140s] Level 1:colcon.colcon_core.package_identification:_identify(/home/lucas/mbzirc_ws/src/mbzirc/mbzirc_custom/mbzirc_simple_arm) by extension 'ros'
[0.140s] DEBUG:colcon.colcon_core.package_identification:Package '/home/lucas/mbzirc_ws/src/mbzirc/mbzirc_custom/mbzirc_simple_arm' with type 'ros.ament_cmake' and name 'mbzirc_simple_arm'
[0.140s] Level 1:colcon.colcon_core.package_identification:_identify(/home/lucas/mbzirc_ws/src/mbzirc/mbzirc_ign) by extensions ['ignore', 'ignore_ament_install']
[0.140s] Level 1:colcon.colcon_core.package_identification:_identify(/home/lucas/mbzirc_ws/src/mbzirc/mbzirc_ign) by extension 'ignore'
[0.140s] Level 1:colcon.colcon_core.package_identification:_identify(/home/lucas/mbzirc_ws/src/mbzirc/mbzirc_ign) by extension 'ignore_ament_install'
[0.140s] Level 1:colcon.colcon_core.package_identification:_identify(/home/lucas/mbzirc_ws/src/mbzirc/mbzirc_ign) by extensions ['colcon_pkg']
[0.140s] Level 1:colcon.colcon_core.package_identification:_identify(/home/lucas/mbzirc_ws/src/mbzirc/mbzirc_ign) by extension 'colcon_pkg'
[0.140s] Level 1:colcon.colcon_core.package_identification:_identify(/home/lucas/mbzirc_ws/src/mbzirc/mbzirc_ign) by extensions ['colcon_meta']
[0.140s] Level 1:colcon.colcon_core.package_identification:_identify(/home/lucas/mbzirc_ws/src/mbzirc/mbzirc_ign) by extension 'colcon_meta'
[0.140s] Level 1:colcon.colcon_core.package_identification:_identify(/home/lucas/mbzirc_ws/src/mbzirc/mbzirc_ign) by extensions ['ros']
[0.140s] Level 1:colcon.colcon_core.package_identification:_identify(/home/lucas/mbzirc_ws/src/mbzirc/mbzirc_ign) by extension 'ros'
[0.142s] DEBUG:colcon.colcon_core.package_identification:Package '/home/lucas/mbzirc_ws/src/mbzirc/mbzirc_ign' with type 'ros.ament_cmake' and name 'mbzirc_ign'
[0.142s] Level 1:colcon.colcon_core.package_identification:_identify(/home/lucas/mbzirc_ws/src/mbzirc/mbzirc_ros) by extensions ['ignore', 'ignore_ament_install']
[0.142s] Level 1:colcon.colcon_core.package_identification:_identify(/home/lucas/mbzirc_ws/src/mbzirc/mbzirc_ros) by extension 'ignore'
[0.142s] Level 1:colcon.colcon_core.package_identification:_identify(/home/lucas/mbzirc_ws/src/mbzirc/mbzirc_ros) by extension 'ignore_ament_install'
[0.142s] Level 1:colcon.colcon_core.package_identification:_identify(/home/lucas/mbzirc_ws/src/mbzirc/mbzirc_ros) by extensions ['colcon_pkg']
[0.142s] Level 1:colcon.colcon_core.package_identification:_identify(/home/lucas/mbzirc_ws/src/mbzirc/mbzirc_ros) by extension 'colcon_pkg'
[0.142s] Level 1:colcon.colcon_core.package_identification:_identify(/home/lucas/mbzirc_ws/src/mbzirc/mbzirc_ros) by extensions ['colcon_meta']
[0.142s] Level 1:colcon.colcon_core.package_identification:_identify(/home/lucas/mbzirc_ws/src/mbzirc/mbzirc_ros) by extension 'colcon_meta'
[0.142s] Level 1:colcon.colcon_core.package_identification:_identify(/home/lucas/mbzirc_ws/src/mbzirc/mbzirc_ros) by extensions ['ros']
[0.142s] Level 1:colcon.colcon_core.package_identification:_identify(/home/lucas/mbzirc_ws/src/mbzirc/mbzirc_ros) by extension 'ros'
[0.143s] DEBUG:colcon.colcon_core.package_identification:Package '/home/lucas/mbzirc_ws/src/mbzirc/mbzirc_ros' with type 'ros.ament_cmake' and name 'mbzirc_ros'
[0.143s] Level 1:colcon.colcon_core.package_identification:_identify(/home/lucas/mbzirc_ws/src/mbzirc/mbzirc_seed) by extensions ['ignore', 'ignore_ament_install']
[0.143s] Level 1:colcon.colcon_core.package_identification:_identify(/home/lucas/mbzirc_ws/src/mbzirc/mbzirc_seed) by extension 'ignore'
[0.143s] Level 1:colcon.colcon_core.package_identification:_identify(/home/lucas/mbzirc_ws/src/mbzirc/mbzirc_seed) by extension 'ignore_ament_install'
[0.143s] Level 1:colcon.colcon_core.package_identification:_identify(/home/lucas/mbzirc_ws/src/mbzirc/mbzirc_seed) by extensions ['colcon_pkg']
[0.143s] Level 1:colcon.colcon_core.package_identification:_identify(/home/lucas/mbzirc_ws/src/mbzirc/mbzirc_seed) by extension 'colcon_pkg'
[0.143s] Level 1:colcon.colcon_core.package_identification:_identify(/home/lucas/mbzirc_ws/src/mbzirc/mbzirc_seed) by extensions ['colcon_meta']
[0.143s] Level 1:colcon.colcon_core.package_identification:_identify(/home/lucas/mbzirc_ws/src/mbzirc/mbzirc_seed) by extension 'colcon_meta'
[0.143s] Level 1:colcon.colcon_core.package_identification:_identify(/home/lucas/mbzirc_ws/src/mbzirc/mbzirc_seed) by extensions ['ros']
[0.143s] Level 1:colcon.colcon_core.package_identification:_identify(/home/lucas/mbzirc_ws/src/mbzirc/mbzirc_seed) by extension 'ros'
[0.144s] DEBUG:colcon.colcon_core.package_identification:Package '/home/lucas/mbzirc_ws/src/mbzirc/mbzirc_seed' with type 'ros.ament_cmake' and name 'mbzirc_seed'
[0.144s] Level 1:colcon.colcon_core.package_discovery:discover_packages(recursive) using defaults
